  Ej3.cpp
c:\program files (x86)\microsoft visual studio 14.0\vc\include\algorithm(3118): error C2672: 'operator __surrogate_func': no se encontró una función sobrecargada que coincida
  c:\program files (x86)\microsoft visual studio 14.0\vc\include\algorithm(3174): note: vea la referencia a la creación de instancias de plantilla de función 'std::pair<_RanIt,_RanIt> std::_Unguarded_partition<_RanIt,_Pr>(_RanIt,_RanIt,_Pr)' que se está compilando
          with
          [
              _RanIt=palabra *,
              _Pr=std::less<void>
          ]
  c:\program files (x86)\microsoft visual studio 14.0\vc\include\algorithm(3204): note: vea la referencia a la creación de instancias de plantilla de función 'void std::_Sort<palabra*,int,_Pr>(_RanIt,_RanIt,_Diff,_Pr)' que se está compilando
          with
          [
              _Pr=std::less<void>,
              _RanIt=palabra *,
              _Diff=int
          ]
  c:\program files (x86)\microsoft visual studio 14.0\vc\include\algorithm(3211): note: vea la referencia a la creación de instancias de plantilla de función 'void std::sort<_RanIt,std::less<void>>(_RanIt,_RanIt,_Pr)' que se está compilando
          with
          [
              _RanIt=std::_Vector_iterator<std::_Vector_val<std::_Simple_types<palabra>>>,
              _Pr=std::less<void>
          ]
  c:\users\majo belda\desktop\marp\marp\ej3.cpp(31): note: vea la referencia a la creación de instancias de plantilla de función 'void std::sort<std::_Vector_iterator<std::_Vector_val<std::_Simple_types<palabra>>>>(_RanIt,_RanIt)' que se está compilando
          with
          [
              _RanIt=std::_Vector_iterator<std::_Vector_val<std::_Simple_types<palabra>>>
          ]
c:\program files (x86)\microsoft visual studio 14.0\vc\include\algorithm(3118): error C2893: No se pudo especializar la plantilla de función 'unknown-type std::less<void>::operator ()(_Ty1 &&,_Ty2 &&) const'
  c:\program files (x86)\microsoft visual studio 14.0\vc\include\algorithm(3118): note: Con los siguientes argumentos de plantilla:
  c:\program files (x86)\microsoft visual studio 14.0\vc\include\algorithm(3118): note: '_Ty1=palabra &'
  c:\program files (x86)\microsoft visual studio 14.0\vc\include\algorithm(3118): note: '_Ty2=palabra &'
c:\program files (x86)\microsoft visual studio 14.0\vc\include\algorithm(3122): error C2672: 'operator __surrogate_func': no se encontró una función sobrecargada que coincida
c:\program files (x86)\microsoft visual studio 14.0\vc\include\algorithm(3122): error C2893: No se pudo especializar la plantilla de función 'unknown-type std::less<void>::operator ()(_Ty1 &&,_Ty2 &&) const'
  c:\program files (x86)\microsoft visual studio 14.0\vc\include\algorithm(3122): note: Con los siguientes argumentos de plantilla:
  c:\program files (x86)\microsoft visual studio 14.0\vc\include\algorithm(3122): note: '_Ty1=palabra &'
  c:\program files (x86)\microsoft visual studio 14.0\vc\include\algorithm(3122): note: '_Ty2=palabra &'
c:\program files (x86)\microsoft visual studio 14.0\vc\include\algorithm(3133): error C2672: 'operator __surrogate_func': no se encontró una función sobrecargada que coincida
c:\program files (x86)\microsoft visual studio 14.0\vc\include\algorithm(3133): error C2893: No se pudo especializar la plantilla de función 'unknown-type std::less<void>::operator ()(_Ty1 &&,_Ty2 &&) const'
  c:\program files (x86)\microsoft visual studio 14.0\vc\include\algorithm(3133): note: Con los siguientes argumentos de plantilla:
  c:\program files (x86)\microsoft visual studio 14.0\vc\include\algorithm(3133): note: '_Ty1=palabra &'
  c:\program files (x86)\microsoft visual studio 14.0\vc\include\algorithm(3133): note: '_Ty2=palabra &'
c:\program files (x86)\microsoft visual studio 14.0\vc\include\algorithm(3140): error C2672: 'operator __surrogate_func': no se encontró una función sobrecargada que coincida
c:\program files (x86)\microsoft visual studio 14.0\vc\include\algorithm(3140): error C2893: No se pudo especializar la plantilla de función 'unknown-type std::less<void>::operator ()(_Ty1 &&,_Ty2 &&) const'
  c:\program files (x86)\microsoft visual studio 14.0\vc\include\algorithm(3140): note: Con los siguientes argumentos de plantilla:
  c:\program files (x86)\microsoft visual studio 14.0\vc\include\algorithm(3140): note: '_Ty1=palabra &'
  c:\program files (x86)\microsoft visual studio 14.0\vc\include\algorithm(3140): note: '_Ty2=palabra &'
